<?xml version="1.0" encoding="UTF-8"?>
<!-- Generated by org.testng.reporters.JUnitReportReporter -->
<testsuite hostname="QT-INNO-LT1448" failures="0" tests="20" name="com.newtours.tests.BookFlightTest" time="34.051" errors="0" timestamp="04 Mar 2022 11:15:12 GMT" skipped="0">
  <testcase classname="com.newtours.tests.BookFlightTest" name="registrationPageTest" time="6.436"/>
  <testcase classname="com.newtours.tests.BookFlightTest" name="findFlightTest" time="0.313"/>
  <testcase classname="com.newtours.tests.BookFlightTest" name="findFlightTest" time="0.292"/>
  <testcase classname="com.newtours.tests.BookFlightTest" name="registrationConfirmationTest" time="0.127"/>
  <testcase classname="com.newtours.tests.BookFlightTest" name="findFlightTest" time="0.265"/>
  <testcase classname="com.newtours.tests.BookFlightTest" name="flightsDetailsTest" time="1.449"/>
  <testcase classname="com.newtours.tests.BookFlightTest" name="FlightConfermationTest" time="0.147"/>
  <testcase classname="com.newtours.tests.BookFlightTest" name="registrationPageTest" time="7.913"/>
  <testcase classname="com.newtours.tests.BookFlightTest" name="registrationPageTest" time="6.193"/>
  <testcase classname="com.newtours.tests.BookFlightTest" name="registrationConfirmationTest" time="0.126"/>
  <testcase classname="com.newtours.tests.BookFlightTest" name="FlightConfermationTest" time="0.128"/>
  <testcase classname="com.newtours.tests.BookFlightTest" name="flightsDetailsTest" time="1.476"/>
  <testcase classname="com.newtours.tests.BookFlightTest" name="registrationConfirmationTest" time="0.120"/>
  <testcase classname="com.newtours.tests.BookFlightTest" name="registrationPageTest" time="5.502"/>
  <testcase classname="com.newtours.tests.BookFlightTest" name="registrationConfirmationTest" time="0.129"/>
  <testcase classname="com.newtours.tests.BookFlightTest" name="findFlightTest" time="0.283"/>
  <testcase classname="com.newtours.tests.BookFlightTest" name="FlightConfermationTest" time="0.152"/>
  <testcase classname="com.newtours.tests.BookFlightTest" name="FlightConfermationTest" time="0.147"/>
  <testcase classname="com.newtours.tests.BookFlightTest" name="flightsDetailsTest" time="1.407"/>
  <testcase classname="com.newtours.tests.BookFlightTest" name="flightsDetailsTest" time="1.446"/>
</testsuite> <!-- com.newtours.tests.BookFlightTest -->
